<?xml version="1.0" encoding="UTF-8"?>
<!-- Generated by org.testng.reporters.JUnitReportReporter -->
<testsuite skipped="0" hostname="DESKTOP-R2NKM0G" name="Parallel.ParallelRun" tests="2" failures="0" timestamp="25 Feb 2021 10:59:33 GMT" time="57.501" errors="0">
  <testcase name="runScenario" time="26.225" classname="Parallel.ParallelRun"/>
  <testcase name="runScenario" time="31.276" classname="Parallel.ParallelRun"/>
</testsuite> <!-- Parallel.ParallelRun -->
