<?xml version="1.0" encoding="UTF-8"?>
<!-- Generated by org.testng.reporters.JUnitReportReporter -->
<testsuite skipped="0" hostname="DESKTOP-R2NKM0G" name="Parallel.ParallelRun" tests="2" failures="0" timestamp="02 Mar 2021 07:37:36 GMT" time="58.401" errors="0">
  <testcase name="runScenario" time="25.416" classname="Parallel.ParallelRun"/>
  <testcase name="runScenario" time="32.985" classname="Parallel.ParallelRun"/>
</testsuite> <!-- Parallel.ParallelRun -->
