<?xml version="1.0" encoding="UTF-8"?>
<!-- Generated by org.testng.reporters.JUnitReportReporter -->
<testsuite skipped="0" hostname="DESKTOP-R2NKM0G" name="Parallel.ParallelRun" tests="1" failures="0" timestamp="24 Mar 2021 07:46:58 GMT" time="42.279" errors="0">
  <testcase name="runScenario" time="42.279" classname="Parallel.ParallelRun"/>
</testsuite> <!-- Parallel.ParallelRun -->
