<?xml version="1.0" encoding="UTF-8"?>
<!-- Generated by org.testng.reporters.JUnitReportReporter -->
<testsuite skipped="0" hostname="DESKTOP-R2NKM0G" name="Parallel.ParallelRun" tests="1" failures="0" timestamp="15 Apr 2021 12:19:17 GMT" time="51.884" errors="0">
  <testcase name="runScenario" time="51.884" classname="Parallel.ParallelRun"/>
</testsuite> <!-- Parallel.ParallelRun -->
